Unity Editor version:    2020.3.40f1 (ba48d4efcef1)
Branch:                  2020.3/staging
Build type:              Release
Batch mode:              YES
System name:             Linux
Distro version:          #58-Ubuntu SMP Thu Oct 13 08:03:55 UTC 2022
Kernel version:          5.15.0-52-generic
Architecture:            x86_64
Available memory:        7830 MB
Using pre-set license
Pro License: NO
Desktop is 1920 x 1080 @ 60 Hz

COMMAND LINE ARGUMENTS:
Unity
-adb2
-batchMode
-noUpm
-name
AssetImportWorker0
-projectPath
/home/lilith/Documents/Programming/Pet-Dinosaurs
-logFile
Logs/AssetImportWorker0.log
-srvPort
34109
Successfully changed project path to: /home/lilith/Documents/Programming/Pet-Dinosaurs
/home/lilith/Documents/Programming/Pet-Dinosaurs
Using Asset Import Pipeline V2.
Refreshing native plugins compatible for Editor in 98.11 ms, found 0 plugins.
Preloading 0 native plugins for Editor in 0.00 ms.
Initialize engine version: 2020.3.40f1 (ba48d4efcef1)
[Subsystems] Discovering subsystems at path /home/lilith/Unity/Hub/Editor/2020.3.40f1/Editor/Data/Resources/UnitySubsystems
[Subsystems] Discovering subsystems at path /home/lilith/Documents/Programming/Pet-Dinosaurs/Assets
GLX Extensions: GLX_ARB_create_context GLX_ARB_create_context_no_error GLX_ARB_create_context_profile GLX_ARB_create_context_robustness GLX_ARB_fbconfig_float GLX_ARB_framebuffer_sRGB GLX_ARB_get_proc_address GLX_ARB_multisample GLX_EXT_buffer_age GLX_EXT_create_context_es2_profile GLX_EXT_create_context_es_profile GLX_EXT_fbconfig_packed_float GLX_EXT_framebuffer_sRGB GLX_EXT_no_config_context GLX_EXT_swap_control GLX_EXT_swap_control_tear GLX_EXT_texture_from_pixmap GLX_EXT_visual_info GLX_EXT_visual_rating GLX_MESA_copy_sub_buffer GLX_MESA_query_renderer GLX_MESA_swap_control GLX_OML_swap_method GLX_OML_sync_control GLX_SGIS_multisample GLX_SGIX_fbconfig GLX_SGIX_pbuffer GLX_SGIX_visual_select_group GLX_SGI_make_current_read GLX_SGI_video_sync 
Renderer: Mesa Intel(R) HD Graphics 520 (SKL GT2)
Vendor:   Intel
Version:  4.6 (Core Profile) Mesa 22.0.5
GLES:     0
 GL_3DFX_texture_compression_FXT1 GL_AMD_conservative_depth GL_AMD_depth_clamp_separate GL_AMD_draw_buffers_blend GL_AMD_gpu_shader_int64 GL_AMD_multi_draw_indirect GL_AMD_performance_monitor GL_AMD_pinned_memory GL_AMD_query_buffer_object GL_AMD_seamless_cubemap_per_texture GL_AMD_shader_stencil_export GL_AMD_shader_trinary_minmax GL_AMD_texture_texture4 GL_AMD_vertex_shader_layer GL_AMD_vertex_shader_viewport_index GL_ANGLE_texture_compression_dxt3 GL_ANGLE_texture_compression_dxt5 GL_ARB_ES2_compatibility GL_ARB_ES3_1_compatibility GL_ARB_ES3_2_compatibility GL_ARB_ES3_compatibility GL_ARB_arrays_of_arrays GL_ARB_base_instance GL_ARB_blend_func_extended GL_ARB_buffer_storage GL_ARB_clear_buffer_object GL_ARB_clear_texture GL_ARB_clip_control GL_ARB_compressed_texture_pixel_storage GL_ARB_compute_shader GL_ARB_compute_variable_group_size GL_ARB_conditional_render_inverted GL_ARB_conservative_depth GL_ARB_copy_buffer GL_ARB_copy_image GL_ARB_cull_distance GL_ARB_debug_output GL_ARB_depth_buffer_float GL_ARB
_depth_clamp GL_ARB_derivative_control GL_ARB_direct_state_access GL_ARB_draw_buffers GL_ARB_draw_buffers_blend GL_ARB_draw_elements_base_vertex GL_ARB_draw_indirect GL_ARB_draw_instanced GL_ARB_enhanced_layouts GL_ARB_explicit_attrib_location GL_ARB_explicit_uniform_location GL_ARB_fragment_coord_conventions GL_ARB_fragment_layer_viewport GL_ARB_fragment_shader GL_ARB_fragment_shader_interlock GL_ARB_framebuffer_no_attachments GL_ARB_framebuffer_object GL_ARB_framebuffer_sRGB GL_ARB_get_program_binary GL_ARB_get_texture_sub_image GL_ARB_gl_spirv GL_ARB_gpu_shader5 GL_ARB_gpu_shader_fp64 GL_ARB_gpu_shader_int64 GL_ARB_half_float_pixel GL_ARB_half_float_vertex GL_ARB_indirect_parameters GL_ARB_instanced_arrays GL_ARB_internalformat_query GL_ARB_internalformat_query2 GL_ARB_invalidate_subdata GL_ARB_map_buffer_alignment GL_ARB_map_buffer_range GL_ARB_multi_bind GL_ARB_multi_draw_indirect GL_ARB_occlusion_query2 GL_ARB_parallel_shader_compile GL_ARB_pipeline_statistics_query GL_ARB_pixel_buffer_object GL_ARB_po
int_sprite GL_ARB_polygon_offset_clamp GL_ARB_post_depth_coverage GL_ARB_program_interface_query GL_ARB_provoking_vertex GL_ARB_query_buffer_object GL_ARB_robust_buffer_access_behavior GL_ARB_robustness GL_ARB_sample_shading GL_ARB_sampler_objects GL_ARB_seamless_cube_map GL_ARB_seamless_cubemap_per_texture GL_ARB_separate_shader_objects GL_ARB_shader_atomic_counter_ops GL_ARB_shader_atomic_counters GL_ARB_shader_ballot GL_ARB_shader_bit_encoding GL_ARB_shader_clock GL_ARB_shader_draw_parameters GL_ARB_shader_group_vote GL_ARB_shader_image_load_store GL_ARB_shader_image_size GL_ARB_shader_objects GL_ARB_shader_precision GL_ARB_shader_stencil_export GL_ARB_shader_storage_buffer_object GL_ARB_shader_subroutine GL_ARB_shader_texture_image_samples GL_ARB_shader_texture_lod GL_ARB_shader_viewport_layer_array GL_ARB_shading_language_420pack GL_ARB_shading_language_include GL_ARB_shading_language_packing GL_ARB_spirv_extensions GL_ARB_stencil_texturing GL_ARB_sync GL_ARB_tessellation_shader GL_ARB_texture_barrier G
L_ARB_texture_buffer_object GL_ARB_texture_buffer_object_rgb32 GL_ARB_texture_buffer_range GL_ARB_texture_compression_bptc GL_ARB_texture_compression_rgtc GL_ARB_texture_cube_map_array GL_ARB_texture_filter_anisotropic GL_ARB_texture_float GL_ARB_texture_gather GL_ARB_texture_mirror_clamp_to_edge GL_ARB_texture_multisample GL_ARB_texture_non_power_of_two GL_ARB_texture_query_levels GL_ARB_texture_query_lod GL_ARB_texture_rectangle GL_ARB_texture_rg GL_ARB_texture_rgb10_a2ui GL_ARB_texture_stencil8 GL_ARB_texture_storage GL_ARB_texture_storage_multisample GL_ARB_texture_swizzle GL_ARB_texture_view GL_ARB_timer_query GL_ARB_transform_feedback2 GL_ARB_transform_feedback3 GL_ARB_transform_feedback_instanced GL_ARB_transform_feedback_overflow_query GL_ARB_uniform_buffer_object GL_ARB_vertex_array_bgra GL_ARB_vertex_array_object GL_ARB_vertex_attrib_64bit GL_ARB_vertex_attrib_binding GL_ARB_vertex_buffer_object GL_ARB_vertex_shader GL_ARB_vertex_type_10f_11f_11f_rev GL_ARB_vertex_type_2_10_10_10_rev GL_ARB_viewpor
t_array GL_ATI_blend_equation_separate GL_ATI_texture_float GL_EXT_EGL_image_storage GL_EXT_EGL_sync GL_EXT_abgr GL_EXT_blend_equation_separate GL_EXT_demote_to_helper_invocation GL_EXT_draw_buffers2 GL_EXT_draw_instanced GL_EXT_framebuffer_blit GL_EXT_framebuffer_multisample GL_EXT_framebuffer_multisample_blit_scaled GL_EXT_framebuffer_object GL_EXT_framebuffer_sRGB GL_EXT_memory_object GL_EXT_memory_object_fd GL_EXT_packed_depth_stencil GL_EXT_packed_float GL_EXT_pixel_buffer_object GL_EXT_polygon_offset_clamp GL_EXT_provoking_vertex GL_EXT_semaphore GL_EXT_semaphore_fd GL_EXT_shader_framebuffer_fetch GL_EXT_shader_framebuffer_fetch_non_coherent GL_EXT_shader_integer_mix GL_EXT_shader_samples_identical GL_EXT_texture_array GL_EXT_texture_compression_dxt1 GL_EXT_texture_compression_rgtc GL_EXT_texture_compression_s3tc GL_EXT_texture_filter_anisotropic GL_EXT_texture_integer GL_EXT_texture_sRGB GL_EXT_texture_sRGB_R8 GL_EXT_texture_sRGB_decode GL_EXT_texture_shadow_lod GL_EXT_texture_shared_exponent GL_EXT_t
exture_snorm GL_EXT_texture_swizzle GL_EXT_timer_query GL_EXT_transform_feedback GL_EXT_vertex_array_bgra GL_EXT_vertex_attrib_64bit GL_IBM_multimode_draw_arrays GL_INTEL_blackhole_render GL_INTEL_conservative_rasterization GL_INTEL_performance_query GL_INTEL_shader_atomic_float_minmax GL_INTEL_shader_integer_functions2 GL_KHR_blend_equation_advanced GL_KHR_blend_equation_advanced_coherent GL_KHR_context_flush_control GL_KHR_debug GL_KHR_no_error GL_KHR_parallel_shader_compile GL_KHR_robust_buffer_access_behavior GL_KHR_robustness GL_KHR_texture_compression_astc_ldr GL_KHR_texture_compression_astc_sliced_3d GL_MESA_framebuffer_flip_y GL_MESA_pack_invert GL_MESA_shader_integer_functions GL_MESA_texture_signed_rgba GL_NV_compute_shader_derivatives GL_NV_conditional_render GL_NV_copy_image GL_NV_depth_clamp GL_NV_fragment_shader_interlock GL_NV_packed_depth_stencil GL_NV_texture_barrier GL_OES_EGL_image GL_S3_s3tc
OPENGL LOG: Creating OpenGL 4.6 graphics device ; Context level  <OpenGL 4.5> ; Context handle -437558784
Initialize mono
Mono path[0] = '/home/lilith/Unity/Hub/Editor/2020.3.40f1/Editor/Data/Managed'
Mono path[1] = '/home/lilith/Unity/Hub/Editor/2020.3.40f1/Editor/Data/MonoBleedingEdge/lib/mono/unityjit'
Mono config path = '/home/lilith/Unity/Hub/Editor/2020.3.40f1/Editor/Data/MonoBleedingEdge/etc'
Using monoOptions --debugger-agent=transport=dt_socket,embedding=1,server=y,suspend=n,address=127.0.0.1:56596
Begin MonoManager ReloadAssembly
Registering precompiled unity dll's ...
Register platform support module: /home/lilith/Unity/Hub/Editor/2020.3.40f1/Editor/Data/PlaybackEngines/LinuxStandaloneSupport/UnityEditor.LinuxStandalone.Extensions.dll
Registered in 0.002644 seconds.
Native extension for LinuxStandalone target not found
Refreshing native plugins compatible for Editor in 113.40 ms, found 0 plugins.
Preloading 0 native plugins for Editor in 0.00 ms.
Mono: successfully reloaded assembly
- Completed reload, in  1.223 seconds
Domain Reload Profiling:
	ReloadAssembly (1223ms)
		BeginReloadAssembly (104ms)
			ExecutionOrderSort (0ms)
			DisableScriptedObjects (0ms)
			BackupInstance (0ms)
			ReleaseScriptingObjects (0ms)
			CreateAndSetChildDomain (2ms)
		EndReloadAssembly (1002ms)
			LoadAssemblies (103ms)
			RebuildTransferFunctionScriptingTraits (0ms)
			SetupTypeCache (305ms)
			ReleaseScriptCaches (0ms)
			RebuildScriptCaches (72ms)
			SetupLoadedEditorAssemblies (455ms)
				LogAssemblyErrors (0ms)
				InitializePlatformSupportModulesInManaged (9ms)
				SetLoadedEditorAssemblies (0ms)
				RefreshPlugins (113ms)
				BeforeProcessingInitializeOnLoad (12ms)
				ProcessInitializeOnLoadAttributes (260ms)
				ProcessInitializeOnLoadMethodAttributes (60ms)
				AfterProcessingInitializeOnLoad (0ms)
				EditorAssembliesLoaded (1ms)
			ExecutionOrderSort2 (0ms)
			AwakeInstancesAfterBackupRestoration (0ms)
Platform modules already initialized, skipping
Registering precompiled user dll's ...
Registered in 0.004371 seconds.
Begin MonoManager ReloadAssembly
Native extension for LinuxStandalone target not found
Refreshing native plugins compatible for Editor in 80.94 ms, found 0 plugins.
Preloading 0 native plugins for Editor in 0.00 ms.
Mono: successfully reloaded assembly
- Completed reload, in  1.871 seconds
Domain Reload Profiling:
	ReloadAssembly (1872ms)
		BeginReloadAssembly (260ms)
			ExecutionOrderSort (0ms)
			DisableScriptedObjects (7ms)
			BackupInstance (0ms)
			ReleaseScriptingObjects (0ms)
			CreateAndSetChildDomain (31ms)
		EndReloadAssembly (1503ms)
			LoadAssemblies (213ms)
			RebuildTransferFunctionScriptingTraits (0ms)
			SetupTypeCache (472ms)
			ReleaseScriptCaches (1ms)
			RebuildScriptCaches (86ms)
			SetupLoadedEditorAssemblies (634ms)
				LogAssemblyErrors (0ms)
				InitializePlatformSupportModulesInManaged (6ms)
				SetLoadedEditorAssemblies (0ms)
				RefreshPlugins (81ms)
				BeforeProcessingInitializeOnLoad (106ms)
				ProcessInitializeOnLoadAttributes (407ms)
				ProcessInitializeOnLoadMethodAttributes (25ms)
				AfterProcessingInitializeOnLoad (9ms)
				EditorAssembliesLoaded (0ms)
			ExecutionOrderSort2 (0ms)
			AwakeInstancesAfterBackupRestoration (3ms)
Platform modules already initialized, skipping
========================================================================
Worker process is ready to serve import requests
Launched and connected shader compiler UnityShaderCompiler after 0.02 seconds
Refreshing native plugins compatible for Editor in 0.69 ms, found 0 plugins.
Preloading 0 native plugins for Editor in 0.00 ms.
Unloading 2926 Unused Serialized files (Serialized files now loaded: 0)
System memory in use before: 123.9 MB.
System memory in use after: 124.0 MB.

Unloading 17 unused Assets to reduce memory usage. Loaded Objects now: 3353.
Total: 8.287674 ms (FindLiveObjects: 0.264859 ms CreateObjectMapping: 0.224066 ms MarkObjects: 7.397083 ms  DeleteObjects: 0.400192 ms)

AssetImportParameters requested are different than current active one (requested -> active):
  custom:video-decoder-ogg-theora: a1e56fd34408186e4bbccfd4996cb3dc -> 
  custom:container-muxer-webm: aa71ff27fc2769a1b78a27578f13a17b -> 
  custom:container-demuxer-webm: 4f35f7cbe854078d1ac9338744f61a02 -> 
  custom:container-demuxer-ogg: 62fdf1f143b41e24485cea50d1cbac27 -> 
  custom:video-encoder-webm-vp8: eb34c28f22e8b96e1ab97ce403110664 -> 
  custom:video-decoder-webm-vp8: 9c59270c3fd7afecdb556c50c9e8de78 -> 
  custom:audio-decoder-ogg-vorbis: bf7c407c2cedff20999df2af8eb42d56 -> 
  custom:audio-encoder-webm-vorbis: bf7c407c2cedff20999df2af8eb42d56 -> 
========================================================================
Received Import Request.
  path: Assets/NewLayer.terrainlayer
  artifactKey: Guid(82a4f12b82e06be46a2ff397003fb840) Importer(815301076,1909f56bfc062723c751e8b465ee728b)
Start importing Assets/NewLayer.terrainlayer using Guid(82a4f12b82e06be46a2ff397003fb840) Importer(815301076,1909f56bfc062723c751e8b465ee728b)  -> (artifact id: '5feb0165de20641eac143a25d450a8bf') in 0.084086 seconds 
========================================================================
Received Import Request.
  Time since last request: 0.000278 seconds.
  path: Assets/Lucida Handwriting Italic.ttf
  artifactKey: Guid(ba2f4bd2d4c52774eabb58aa85868af7) Importer(815301076,1909f56bfc062723c751e8b465ee728b)
Start importing Assets/Lucida Handwriting Italic.ttf using Guid(ba2f4bd2d4c52774eabb58aa85868af7) Importer(815301076,1909f56bfc062723c751e8b465ee728b)  -> (artifact id: '348fd48dfa43b2ca01dd4800801f329b') in 0.268296 seconds 
========================================================================
Received Import Request.
  Time since last request: 0.000337 seconds.
  path: Assets/New Terrain 1.asset
  artifactKey: Guid(f2b00a9fd45203548bae24025bc384a0) Importer(815301076,1909f56bfc062723c751e8b465ee728b)
Start importing Assets/New Terrain 1.asset using Guid(f2b00a9fd45203548bae24025bc384a0) Importer(815301076,1909f56bfc062723c751e8b465ee728b) The tree baum ld0 mobile must use the Nature/Soft Occlusion shader. Otherwise billboarding/lighting will not work correctly.
The tree baum ld0 mobile must use the Nature/Soft Occlusion shader. Otherwise billboarding/lighting will not work correctly.
The tree baum ld1 mobile must use the Nature/Soft Occlusion shader. Otherwise billboarding/lighting will not work correctly.
The tree baum ld1 mobile must use the Nature/Soft Occlusion shader. Otherwise billboarding/lighting will not work correctly.
The tree baum ld2 mobile must use the Nature/Soft Occlusion shader. Otherwise billboarding/lighting will not work correctly.
The tree baum ld2 mobile must use the Nature/Soft Occlusion shader. Otherwise billboarding/lighting will not work correctly.
 -> (artifact id: '4cc7c8fef82cf003165b5030757495df') in 0.062423 seconds 
========================================================================
Received Import Request.
  Time since last request: 0.000257 seconds.
  path: Assets/New Terrain 9.asset
  artifactKey: Guid(c3c6f1d5c7de57c4c84292caea14445a) Importer(815301076,1909f56bfc062723c751e8b465ee728b)
Start importing Assets/New Terrain 9.asset using Guid(c3c6f1d5c7de57c4c84292caea14445a) Importer(815301076,1909f56bfc062723c751e8b465ee728b)  -> (artifact id: 'e0f1dee6c244997afeee4ca1cde0518c') in 0.021013 seconds 
========================================================================
Received Import Request.
  Time since last request: 0.000348 seconds.
  path: Assets/UniversalRenderPipelineAsset_Renderer.asset
  artifactKey: Guid(4117c9b1ba5b4ef4c9549775e00dbd25) Importer(815301076,1909f56bfc062723c751e8b465ee728b)
Start importing Assets/UniversalRenderPipelineAsset_Renderer.asset using Guid(4117c9b1ba5b4ef4c9549775e00dbd25) Importer(815301076,1909f56bfc062723c751e8b465ee728b)  -> (artifact id: 'bb3df46e8b698c937f14aa86b429a7f2') in 0.006772 seconds 
========================================================================
Received Import Request.
  Time since last request: 0.000311 seconds.
  path: Assets/New Terrain 5.asset
  artifactKey: Guid(68e87a6007d006b499d562766c09fb2d) Importer(815301076,1909f56bfc062723c751e8b465ee728b)
Start importing Assets/New Terrain 5.asset using Guid(68e87a6007d006b499d562766c09fb2d) Importer(815301076,1909f56bfc062723c751e8b465ee728b)  -> (artifact id: 'd31299137c8159cdd70f874e12e941a9') in 0.023947 seconds 
========================================================================
Received Import Request.
  Time since last request: 0.000291 seconds.
  path: Assets/New Terrain.asset
  artifactKey: Guid(f56b30ae6c78c294f935d9d996dfee76) Importer(815301076,1909f56bfc062723c751e8b465ee728b)
Start importing Assets/New Terrain.asset using Guid(f56b30ae6c78c294f935d9d996dfee76) Importer(815301076,1909f56bfc062723c751e8b465ee728b)  -> (artifact id: 'cbe87c2c3e9416379323e24803bbc158') in 0.013024 seconds 
========================================================================
Received Import Request.
  Time since last request: 0.000575 seconds.
  path: Assets/UniversalRenderPipelineAsset.asset
  artifactKey: Guid(933aeccc4f3664944a518da72d34cb3f) Importer(815301076,1909f56bfc062723c751e8b465ee728b)
Start importing Assets/UniversalRenderPipelineAsset.asset using Guid(933aeccc4f3664944a518da72d34cb3f) Importer(815301076,1909f56bfc062723c751e8b465ee728b)  -> (artifact id: 'e26ed61806c78da08202f377721e90a1') in 0.004008 seconds 
========================================================================
Received Import Request.
  Time since last request: 0.000229 seconds.
  path: Assets/New Terrain 8.asset
  artifactKey: Guid(d1575679f4d0dc04f8f14f61eb1e1d9d) Importer(815301076,1909f56bfc062723c751e8b465ee728b)
Start importing Assets/New Terrain 8.asset using Guid(d1575679f4d0dc04f8f14f61eb1e1d9d) Importer(815301076,1909f56bfc062723c751e8b465ee728b)  -> (artifact id: 'edef5f0bcf5b9e8605b81b7408017198') in 0.014336 seconds 
========================================================================
Received Import Request.
  Time since last request: 0.000608 seconds.
  path: Assets/NewLayer 1.terrainlayer
  artifactKey: Guid(fc3dee96b712e9a42a87671f802ab8e8) Importer(815301076,1909f56bfc062723c751e8b465ee728b)
Start importing Assets/NewLayer 1.terrainlayer using Guid(fc3dee96b712e9a42a87671f802ab8e8) Importer(815301076,1909f56bfc062723c751e8b465ee728b)  -> (artifact id: '5f83c23ecf4b045dd1c8f289296829eb') in 0.020287 seconds 
========================================================================
Received Import Request.
  Time since last request: 0.000495 seconds.
  path: Assets/New Terrain 7.asset
  artifactKey: Guid(9d2f0c9e4eb606c49a42cc31c029dd0b) Importer(815301076,1909f56bfc062723c751e8b465ee728b)
Start importing Assets/New Terrain 7.asset using Guid(9d2f0c9e4eb606c49a42cc31c029dd0b) Importer(815301076,1909f56bfc062723c751e8b465ee728b) The tree baum ld0 mobile must use the Nature/Soft Occlusion shader. Otherwise billboarding/lighting will not work correctly.
The tree baum ld0 mobile must use the Nature/Soft Occlusion shader. Otherwise billboarding/lighting will not work correctly.
 -> (artifact id: '46932b44bc8bb3660b8f3086b7d21ca2') in 0.049084 seconds 
========================================================================
Received Import Request.
  Time since last request: 0.000248 seconds.
  path: Assets/New Terrain 4.asset
  artifactKey: Guid(6ad6825ad2b55664e832e2733a79c95b) Importer(815301076,1909f56bfc062723c751e8b465ee728b)
Start importing Assets/New Terrain 4.asset using Guid(6ad6825ad2b55664e832e2733a79c95b) Importer(815301076,1909f56bfc062723c751e8b465ee728b)  -> (artifact id: 'ffc892af0df7258ba618e3f0b17bf2ff') in 0.012821 seconds 
========================================================================
Received Import Request.
  Time since last request: 0.000194 seconds.
  path: Assets/New Terrain 6.asset
  artifactKey: Guid(1b0f1ddf79d1c9a48a4811c5502a2f3e) Importer(815301076,1909f56bfc062723c751e8b465ee728b)
Start importing Assets/New Terrain 6.asset using Guid(1b0f1ddf79d1c9a48a4811c5502a2f3e) Importer(815301076,1909f56bfc062723c751e8b465ee728b)  -> (artifact id: 'd3e2c3f413e94817efb316eed83720dc') in 0.030594 seconds 
========================================================================
Received Import Request.
  Time since last request: 0.000303 seconds.
  path: Assets/NewLayer 2.terrainlayer
  artifactKey: Guid(54d8e0ac4844fb7449d790b53709e8bf) Importer(815301076,1909f56bfc062723c751e8b465ee728b)
Start importing Assets/NewLayer 2.terrainlayer using Guid(54d8e0ac4844fb7449d790b53709e8bf) Importer(815301076,1909f56bfc062723c751e8b465ee728b)  -> (artifact id: 'db9af2305ee033a3d5b8b0e701931662') in 0.018668 seconds 
========================================================================
Received Import Request.
  Time since last request: 0.000251 seconds.
  path: Assets/New Terrain 2.asset
  artifactKey: Guid(bb09fc76877e1364798682725ff560bc) Importer(815301076,1909f56bfc062723c751e8b465ee728b)
Start importing Assets/New Terrain 2.asset using Guid(bb09fc76877e1364798682725ff560bc) Importer(815301076,1909f56bfc062723c751e8b465ee728b)  -> (artifact id: '7a9ca8df87d65964616922661ba20b43') in 0.018739 seconds 
========================================================================
Received Import Request.
  Time since last request: 0.000235 seconds.
  path: Assets/New Terrain 3.asset
  artifactKey: Guid(85a94a1e0f5a1874aa77899bd53ee256) Importer(815301076,1909f56bfc062723c751e8b465ee728b)
Start importing Assets/New Terrain 3.asset using Guid(85a94a1e0f5a1874aa77899bd53ee256) Importer(815301076,1909f56bfc062723c751e8b465ee728b)  -> (artifact id: '860c856c56aa16767310da45c56736f5') in 0.014245 seconds 
========================================================================
Received Import Request.
  Time since last request: 5.638361 seconds.
  path: Assets/Scenes
  artifactKey: Guid(8d2b47bc170b8524c963f3f3e822565f) Importer(815301076,1909f56bfc062723c751e8b465ee728b)
Start importing Assets/Scenes using Guid(8d2b47bc170b8524c963f3f3e822565f) Importer(815301076,1909f56bfc062723c751e8b465ee728b)  -> (artifact id: '0ea029adefabdfef3cedcacdcca55316') in 0.001253 seconds 
========================================================================
Received Import Request.
  Time since last request: 0.058406 seconds.
  path: Assets/Scenes/NewLayer 1.terrainlayer
  artifactKey: Guid(c8f741fff7127ac40a05f873cb6c2622) Importer(815301076,1909f56bfc062723c751e8b465ee728b)
Start importing Assets/Scenes/NewLayer 1.terrainlayer using Guid(c8f741fff7127ac40a05f873cb6c2622) Importer(815301076,1909f56bfc062723c751e8b465ee728b)  -> (artifact id: '0570af3ec0269ee8e0beebd7678eac28') in 0.016597 seconds 
========================================================================
Received Import Request.
  Time since last request: 0.000275 seconds.
  path: Assets/Scenes/NewLayer 4.terrainlayer
  artifactKey: Guid(7a8f6b5c1899be546ad6d42051bffe22) Importer(815301076,1909f56bfc062723c751e8b465ee728b)
Start importing Assets/Scenes/NewLayer 4.terrainlayer using Guid(7a8f6b5c1899be546ad6d42051bffe22) Importer(815301076,1909f56bfc062723c751e8b465ee728b)  -> (artifact id: '2ec99ec297d397116ddb9cd6666b47b2') in 0.021857 seconds 
========================================================================
Received Import Request.
  Time since last request: 0.000415 seconds.
  path: Assets/Scenes/NewLayer.terrainlayer
  artifactKey: Guid(278ecdd0e2078be4d869ef820cafd80b) Importer(815301076,1909f56bfc062723c751e8b465ee728b)
Start importing Assets/Scenes/NewLayer.terrainlayer using Guid(278ecdd0e2078be4d869ef820cafd80b) Importer(815301076,1909f56bfc062723c751e8b465ee728b)  -> (artifact id: '6d38ee97e3ef835d06a99458bf1f9407') in 0.024426 seconds 
========================================================================
Received Import Request.
  Time since last request: 0.000375 seconds.
  path: Assets/Scenes/NewLayer 3.terrainlayer
  artifactKey: Guid(21b43807f91028a4784d1807903bbcae) Importer(815301076,1909f56bfc062723c751e8b465ee728b)
Start importing Assets/Scenes/NewLayer 3.terrainlayer using Guid(21b43807f91028a4784d1807903bbcae) Importer(815301076,1909f56bfc062723c751e8b465ee728b)  -> (artifact id: '9e908d9c9a3cb4ddd7189846660262c2') in 0.017633 seconds 
========================================================================
Received Import Request.
  Time since last request: 0.000620 seconds.
  path: Assets/Scenes/NewLayer 5.terrainlayer
  artifactKey: Guid(d17b26aa0b370b44a8789c7634b65883) Importer(815301076,1909f56bfc062723c751e8b465ee728b)
Start importing Assets/Scenes/NewLayer 5.terrainlayer using Guid(d17b26aa0b370b44a8789c7634b65883) Importer(815301076,1909f56bfc062723c751e8b465ee728b)  -> (artifact id: 'cea22df5900304ba853a400169552eb1') in 0.017603 seconds 
========================================================================
Received Import Request.
  Time since last request: 0.000199 seconds.
  path: Assets/Scenes/NewLayer 2.terrainlayer
  artifactKey: Guid(c1b1fb5c5133720408715499a05f47dd) Importer(815301076,1909f56bfc062723c751e8b465ee728b)
Start importing Assets/Scenes/NewLayer 2.terrainlayer using Guid(c1b1fb5c5133720408715499a05f47dd) Importer(815301076,1909f56bfc062723c751e8b465ee728b)  -> (artifact id: 'eec8969b13c1aae1c5e2f3dfa4abfc5e') in 0.023427 seconds 
========================================================================
Received Import Request.
  Time since last request: 10.409475 seconds.
  path: Assets/Scenes/DinoRace.unity
  artifactKey: Guid(c16f0661baad2534ca438cf08ddea0f3) Importer(815301076,1909f56bfc062723c751e8b465ee728b)
Start importing Assets/Scenes/DinoRace.unity using Guid(c16f0661baad2534ca438cf08ddea0f3) Importer(815301076,1909f56bfc062723c751e8b465ee728b)  -> (artifact id: '9322306258c00d3df4d2845e524f2795') in 0.001599 seconds 
========================================================================
Received Import Request.
  Time since last request: 26.845377 seconds.
  path: Assets/Scenes/Dinosaur Viwer.unity
  artifactKey: Guid(898be15f697e7a74187b4a3e21c2faee) Importer(815301076,1909f56bfc062723c751e8b465ee728b)
Start importing Assets/Scenes/Dinosaur Viwer.unity using Guid(898be15f697e7a74187b4a3e21c2faee) Importer(815301076,1909f56bfc062723c751e8b465ee728b)  -> (artifact id: 'cc0f5aece739af37226847d53584abdc') in 0.001507 seconds 
========================================================================
Received Import Request.
  Time since last request: 36.940032 seconds.
  path: Assets/Scenes/Park
  artifactKey: Guid(b9fa15f4595c64948a9325af6bf5c36a) Importer(815301076,1909f56bfc062723c751e8b465ee728b)
Start importing Assets/Scenes/Park using Guid(b9fa15f4595c64948a9325af6bf5c36a) Importer(815301076,1909f56bfc062723c751e8b465ee728b)  -> (artifact id: '1deaa7b834aef5b36276534903559451') in 0.001610 seconds 
========================================================================
Received Import Request.
  Time since last request: 1.392039 seconds.
  path: Assets/Scenes/Park/Park.unity
  artifactKey: Guid(9fc0d4010bbf28b4594072e72b8655ab) Importer(815301076,1909f56bfc062723c751e8b465ee728b)
Start importing Assets/Scenes/Park/Park.unity using Guid(9fc0d4010bbf28b4594072e72b8655ab) Importer(815301076,1909f56bfc062723c751e8b465ee728b)  -> (artifact id: 'eba83f54591dd47375c7ee5547a7ad69') in 0.001568 seconds 
========================================================================
Received Prepare
Registering precompiled user dll's ...
Registered in 0.005446 seconds.
Begin MonoManager ReloadAssembly
Native extension for LinuxStandalone target not found
Refreshing native plugins compatible for Editor in 0.71 ms, found 0 plugins.
Preloading 0 native plugins for Editor in 0.00 ms.
Mono: successfully reloaded assembly
- Completed reload, in  1.948 seconds
Domain Reload Profiling:
	ReloadAssembly (1948ms)
		BeginReloadAssembly (238ms)
			ExecutionOrderSort (0ms)
			DisableScriptedObjects (21ms)
			BackupInstance (0ms)
			ReleaseScriptingObjects (0ms)
			CreateAndSetChildDomain (70ms)
		EndReloadAssembly (1624ms)
			LoadAssemblies (181ms)
			RebuildTransferFunctionScriptingTraits (0ms)
			SetupTypeCache (642ms)
			ReleaseScriptCaches (2ms)
			RebuildScriptCaches (86ms)
			SetupLoadedEditorAssemblies (529ms)
				LogAssemblyErrors (0ms)
				InitializePlatformSupportModulesInManaged (7ms)
				SetLoadedEditorAssemblies (1ms)
				RefreshPlugins (1ms)
				BeforeProcessingInitializeOnLoad (107ms)
				ProcessInitializeOnLoadAttributes (384ms)
				ProcessInitializeOnLoadMethodAttributes (19ms)
				AfterProcessingInitializeOnLoad (10ms)
				EditorAssembliesLoaded (0ms)
			ExecutionOrderSort2 (0ms)
			AwakeInstancesAfterBackupRestoration (16ms)
Platform modules already initialized, skipping
Switching build target platform(24) subTarget(0) extendedPlatform(0) -> platform(13) subTarget(536870912) extendedPlatform(0)
Refreshing native plugins compatible for Editor in 0.68 ms, found 0 plugins.
Preloading 0 native plugins for Editor in 0.00 ms.
Unloading 2827 Unused Serialized files (Serialized files now loaded: 0)
System memory in use before: 121.3 MB.
System memory in use after: 121.5 MB.

Unloading 12 unused Assets to reduce memory usage. Loaded Objects now: 3452.
Total: 10.246395 ms (FindLiveObjects: 0.342634 ms CreateObjectMapping: 0.178905 ms MarkObjects: 9.629734 ms  DeleteObjects: 0.092998 ms)

AssetImportParameters requested are different than current active one (requested -> active):
  custom:video-decoder-ogg-theora: a1e56fd34408186e4bbccfd4996cb3dc -> 
  custom:container-muxer-webm: aa71ff27fc2769a1b78a27578f13a17b -> 
  custom:container-demuxer-webm: 4f35f7cbe854078d1ac9338744f61a02 -> 
  custom:container-demuxer-ogg: 62fdf1f143b41e24485cea50d1cbac27 -> 
  custom:video-encoder-webm-vp8: eb34c28f22e8b96e1ab97ce403110664 -> 
  custom:video-decoder-webm-vp8: 9c59270c3fd7afecdb556c50c9e8de78 -> 
  custom:graphics/normal-map-encoding: 01000000000000000000000000000000 -> 02000000000000000000000000000000
  custom:audio-decoder-ogg-vorbis: bf7c407c2cedff20999df2af8eb42d56 -> 
  custom:audio-encoder-webm-vorbis: bf7c407c2cedff20999df2af8eb42d56 -> 
========================================================================
Received Prepare
Refreshing native plugins compatible for Editor in 4.23 ms, found 0 plugins.
Preloading 0 native plugins for Editor in 0.00 ms.
Unloading 10 Unused Serialized files (Serialized files now loaded: 0)
System memory in use before: 64.8 MB.
System memory in use after: 65.0 MB.

Unloading 10 unused Assets to reduce memory usage. Loaded Objects now: 3452.
Total: 6.647395 ms (FindLiveObjects: 0.289156 ms CreateObjectMapping: 0.162588 ms MarkObjects: 6.146825 ms  DeleteObjects: 0.047539 ms)

AssetImportParameters requested are different than current active one (requested -> active):
  custom:video-decoder-ogg-theora: a1e56fd34408186e4bbccfd4996cb3dc -> 
  custom:container-muxer-webm: aa71ff27fc2769a1b78a27578f13a17b -> 
  custom:container-demuxer-webm: 4f35f7cbe854078d1ac9338744f61a02 -> 
  custom:container-demuxer-ogg: 62fdf1f143b41e24485cea50d1cbac27 -> 
  custom:video-encoder-webm-vp8: eb34c28f22e8b96e1ab97ce403110664 -> 
  custom:video-decoder-webm-vp8: 9c59270c3fd7afecdb556c50c9e8de78 -> 
  custom:audio-decoder-ogg-vorbis: bf7c407c2cedff20999df2af8eb42d56 -> 
  custom:audio-encoder-webm-vorbis: bf7c407c2cedff20999df2af8eb42d56 -> 
========================================================================
Received Prepare
Refreshing native plugins compatible for Editor in 6.19 ms, found 0 plugins.
Preloading 0 native plugins for Editor in 0.00 ms.
Unloading 10 Unused Serialized files (Serialized files now loaded: 0)
System memory in use before: 64.9 MB.
System memory in use after: 65.1 MB.

Unloading 10 unused Assets to reduce memory usage. Loaded Objects now: 3452.
Total: 9.242778 ms (FindLiveObjects: 0.454218 ms CreateObjectMapping: 0.326791 ms MarkObjects: 8.401519 ms  DeleteObjects: 0.058680 ms)

AssetImportParameters requested are different than current active one (requested -> active):
  custom:video-decoder-ogg-theora: a1e56fd34408186e4bbccfd4996cb3dc -> 
  custom:container-muxer-webm: aa71ff27fc2769a1b78a27578f13a17b -> 
  custom:container-demuxer-webm: 4f35f7cbe854078d1ac9338744f61a02 -> 
  custom:container-demuxer-ogg: 62fdf1f143b41e24485cea50d1cbac27 -> 
  custom:video-encoder-webm-vp8: eb34c28f22e8b96e1ab97ce403110664 -> 
  custom:video-decoder-webm-vp8: 9c59270c3fd7afecdb556c50c9e8de78 -> 
  custom:audio-decoder-ogg-vorbis: bf7c407c2cedff20999df2af8eb42d56 -> 
  custom:audio-encoder-webm-vorbis: bf7c407c2cedff20999df2af8eb42d56 -> 
========================================================================
Received Import Request.
  Time since last request: 2196.861189 seconds.
  path: Assets/Scenes/loadingManager.unity
  artifactKey: Guid(1fe7fd86131258d46816fe91549ad4c3) Importer(815301076,1909f56bfc062723c751e8b465ee728b)
Start importing Assets/Scenes/loadingManager.unity using Guid(1fe7fd86131258d46816fe91549ad4c3) Importer(815301076,1909f56bfc062723c751e8b465ee728b)  -> (artifact id: '7e1167a6bdbab897b777b949a398bfa3') in 0.006792 seconds 
========================================================================
Received Import Request.
  Time since last request: 4.274441 seconds.
  path: Assets/Scenes/Introduction.unity
  artifactKey: Guid(da7fda6abb4f6c341ac23975e311bc9e) Importer(815301076,1909f56bfc062723c751e8b465ee728b)
Start importing Assets/Scenes/Introduction.unity using Guid(da7fda6abb4f6c341ac23975e311bc9e) Importer(815301076,1909f56bfc062723c751e8b465ee728b)  -> (artifact id: 'f6dd79704da272c6eec0ed87a700433a') in 0.003170 seconds 
========================================================================
Received Import Request.
  Time since last request: 5.557666 seconds.
  path: Assets/Scenes/SampleScene
  artifactKey: Guid(d0c5d28015e87564ca4279dc2108f955) Importer(815301076,1909f56bfc062723c751e8b465ee728b)
Start importing Assets/Scenes/SampleScene using Guid(d0c5d28015e87564ca4279dc2108f955) Importer(815301076,1909f56bfc062723c751e8b465ee728b)  -> (artifact id: '1a59ae6a874951909b8114b5d13c0414') in 0.002002 seconds 
========================================================================
Received Import Request.
  Time since last request: 0.786297 seconds.
  path: Assets/Scenes/SampleScene/FX Profile.asset
  artifactKey: Guid(37ba56e4350942b4080749635cc5ee9f) Importer(815301076,1909f56bfc062723c751e8b465ee728b)
Start importing Assets/Scenes/SampleScene/FX Profile.asset using Guid(37ba56e4350942b4080749635cc5ee9f) Importer(815301076,1909f56bfc062723c751e8b465ee728b)  -> (artifact id: 'b76593553d1abebe5cbe5ef2380443a0') in 0.220624 seconds 
========================================================================
Received Import Request.
  Time since last request: 0.000243 seconds.
  path: Assets/Scenes/SampleScene/NavMesh.asset
  artifactKey: Guid(cf0a53d0f80d2ba4a9692dacc26b3dbd) Importer(815301076,1909f56bfc062723c751e8b465ee728b)
Start importing Assets/Scenes/SampleScene/NavMesh.asset using Guid(cf0a53d0f80d2ba4a9692dacc26b3dbd) Importer(815301076,1909f56bfc062723c751e8b465ee728b)  -> (artifact id: '6bab52af63ad8ae29945341653b3d11d') in 0.004736 seconds 
========================================================================
Received Import Request.
  Time since last request: 3.805495 seconds.
  path: Assets/Scenes/Enyclopedia
  artifactKey: Guid(af03a41d7069c704ab1774773e314fa6) Importer(815301076,1909f56bfc062723c751e8b465ee728b)
Start importing Assets/Scenes/Enyclopedia using Guid(af03a41d7069c704ab1774773e314fa6) Importer(815301076,1909f56bfc062723c751e8b465ee728b)  -> (artifact id: '9477cfee631f664fc379871c5c730b85') in 0.004803 seconds 
========================================================================
Received Import Request.
  Time since last request: 5.386344 seconds.
  path: Assets/Scenes/Main Menu
  artifactKey: Guid(8df7038cd1981c6458c6ac0125f19468) Importer(815301076,1909f56bfc062723c751e8b465ee728b)
Start importing Assets/Scenes/Main Menu using Guid(8df7038cd1981c6458c6ac0125f19468) Importer(815301076,1909f56bfc062723c751e8b465ee728b)  -> (artifact id: 'b340c9b300fc5891f48552411149eb0f') in 0.002008 seconds 
========================================================================
Received Import Request.
  Time since last request: 1.313940 seconds.
  path: Assets/Scenes/Main Menu/Main Menu.unity
  artifactKey: Guid(2dc867e73e52d014ba6c60fc74aa713e) Importer(815301076,1909f56bfc062723c751e8b465ee728b)
Start importing Assets/Scenes/Main Menu/Main Menu.unity using Guid(2dc867e73e52d014ba6c60fc74aa713e) Importer(815301076,1909f56bfc062723c751e8b465ee728b)  -> (artifact id: '93d254a8ed261b778b236bc09ab0244a') in 0.002950 seconds 
AssetImportWorkerClient::OnTransportError - code=2 error=End of file
